<?xml version="1.0" encoding="UTF-8"?>
<robot generator="Robot 5.0.1 (Python 3.9.6 on win32)" generated="20220803 12:22:49.326" rpa="false" schemaversion="3">
<suite id="s1" name="Me" source="C:\Users\Gejmer\Desktop\development\frome\Tests\me.robot">
<test id="s1-t1" name="This is a test" line="18">
<kw name="Test Web Begin" library="common" type="SETUP">
<kw name="Open Browser" library="SeleniumLibrary">
<arg>${url}</arg>
<arg>${Browser}</arg>
<doc>Opens a new browser instance to the optional ``url``.</doc>
<msg timestamp="20220803 12:22:49.527" level="INFO">Opening browser 'Chrome' to base url 'https://www.amazon.com'.</msg>
<status status="PASS" starttime="20220803 12:22:49.527" endtime="20220803 12:22:52.210"/>
</kw>
<kw name="Maximize Browser Window" library="SeleniumLibrary">
<doc>Maximizes current browser window.</doc>
<status status="PASS" starttime="20220803 12:22:52.210" endtime="20220803 12:22:52.340"/>
</kw>
<status status="PASS" starttime="20220803 12:22:49.527" endtime="20220803 12:22:52.340"/>
</kw>
<kw name="Search for the item" library="app">
<kw name="Wait Until Element Is Visible" library="SeleniumLibrary">
<arg>nav-logo</arg>
<doc>Waits until the element ``locator`` is visible.</doc>
<status status="PASS" starttime="20220803 12:22:52.341" endtime="20220803 12:22:52.389"/>
</kw>
<kw name="Click Element" library="SeleniumLibrary">
<arg>xpath = //*[@id="nav-search-bar-form"]/div[2]</arg>
<doc>Click the element identified by ``locator``.</doc>
<msg timestamp="20220803 12:22:52.389" level="INFO">Clicking element 'xpath = //*[@id="nav-search-bar-form"]/div[2]'.</msg>
<status status="PASS" starttime="20220803 12:22:52.389" endtime="20220803 12:22:52.476"/>
</kw>
<kw name="Element Should Be Visible" library="SeleniumLibrary">
<arg>twotabsearchtextbox</arg>
<doc>Verifies that the element identified by ``locator`` is visible.</doc>
<msg timestamp="20220803 12:22:52.520" level="INFO">Element 'twotabsearchtextbox' is displayed.</msg>
<status status="PASS" starttime="20220803 12:22:52.476" endtime="20220803 12:22:52.520"/>
</kw>
<kw name="Input Text" library="SeleniumLibrary">
<arg>twotabsearchtextbox</arg>
<arg>iphone Xs</arg>
<doc>Types the given ``text`` into the text field identified by ``locator``.</doc>
<msg timestamp="20220803 12:22:52.521" level="INFO">Typing text 'iphone Xs' into text field 'twotabsearchtextbox'.</msg>
<status status="PASS" starttime="20220803 12:22:52.520" endtime="20220803 12:22:52.596"/>
</kw>
<kw name="Click Element" library="SeleniumLibrary">
<arg>nav-search-submit-button</arg>
<doc>Click the element identified by ``locator``.</doc>
<msg timestamp="20220803 12:22:52.596" level="INFO">Clicking element 'nav-search-submit-button'.</msg>
<status status="PASS" starttime="20220803 12:22:52.596" endtime="20220803 12:22:54.900"/>
</kw>
<status status="PASS" starttime="20220803 12:22:52.340" endtime="20220803 12:22:54.900"/>
</kw>
<kw name="Order the item" library="app">
<kw name="Get WebElement" library="SeleniumLibrary">
<var>${desired}</var>
<arg>xpath =//*[@id="search"]/div[1]/div[1]/div/span[3]/div[2]/div[4]/div/div/div/div/div/div[1]</arg>
<doc>Returns the first WebElement matching the given ``locator``.</doc>
<msg timestamp="20220803 12:22:54.930" level="INFO">${desired} = &lt;selenium.webdriver.remote.webelement.WebElement (session="436f8265853f09162d25cec757c7e7cf", element="3351dcd2-04f7-439c-a2a1-b61c7845184a")&gt;</msg>
<status status="PASS" starttime="20220803 12:22:54.901" endtime="20220803 12:22:54.930"/>
</kw>
<kw name="Get WebElements" library="SeleniumLibrary">
<var>${elements_on_page}</var>
<arg>xpath= //*[@id="search"]/div[1]</arg>
<doc>Returns a list of WebElement objects matching the ``locator``.</doc>
<msg timestamp="20220803 12:22:54.940" level="INFO">${elements_on_page} = [&lt;selenium.webdriver.remote.webelement.WebElement (session="436f8265853f09162d25cec757c7e7cf", element="87ff5025-1f4b-481d-a831-314985af7457")&gt;]</msg>
<status status="PASS" starttime="20220803 12:22:54.930" endtime="20220803 12:22:54.940"/>
</kw>
<for flavor="IN">
<var>${elements}</var>
<value>${elements_on_page}</value>
<iter>
<var name="${elements}">[&lt;selenium.webdriver.remote.webelement.WebElement (session="436f8265853f09162d25cec757c7e7cf", element="87ff5025-1f4b-481d-a831-314985af7457")&gt;]</var>
<kw name="Get WebElement" library="SeleniumLibrary">
<var>${item}</var>
<arg>${elements}</arg>
<doc>Returns the first WebElement matching the given ``locator``.</doc>
<msg timestamp="20220803 12:22:54.941" level="INFO">${item} = &lt;selenium.webdriver.remote.webelement.WebElement (session="436f8265853f09162d25cec757c7e7cf", element="87ff5025-1f4b-481d-a831-314985af7457")&gt;</msg>
<status status="PASS" starttime="20220803 12:22:54.941" endtime="20220803 12:22:54.941"/>
</kw>
<status status="PASS" starttime="20220803 12:22:54.941" endtime="20220803 12:22:54.941"/>
</iter>
<status status="PASS" starttime="20220803 12:22:54.940" endtime="20220803 12:22:54.941"/>
</for>
<status status="PASS" starttime="20220803 12:22:54.901" endtime="20220803 12:22:54.941"/>
</kw>
<kw name="Add to cart" library="app">
<kw name="Click Element" library="SeleniumLibrary">
<arg>xpath =//*[@id="search"]/div[1]/div[1]/div/span[3]/div[2]/div[4]/div/div/div/div/div/div[1]</arg>
<doc>Click the element identified by ``locator``.</doc>
<msg timestamp="20220803 12:22:54.942" level="INFO">Clicking element 'xpath =//*[@id="search"]/div[1]/div[1]/div/span[3]/div[2]/div[4]/div/div/div/div/div/div[1]'.</msg>
<status status="PASS" starttime="20220803 12:22:54.942" endtime="20220803 12:22:58.015"/>
</kw>
<kw name="Click Element" library="SeleniumLibrary">
<arg>id:addToCart_feature_div</arg>
<doc>Click the element identified by ``locator``.</doc>
<msg timestamp="20220803 12:22:58.016" level="INFO">Clicking element 'id:addToCart_feature_div'.</msg>
<status status="PASS" starttime="20220803 12:22:58.015" endtime="20220803 12:22:58.113"/>
</kw>
<status status="PASS" starttime="20220803 12:22:54.942" endtime="20220803 12:22:58.113"/>
</kw>
<kw name="Search for a case" library="app">
<kw name="Click Element" library="SeleniumLibrary">
<arg>id:nav-logo-sprites</arg>
<doc>Click the element identified by ``locator``.</doc>
<msg timestamp="20220803 12:22:58.114" level="INFO">Clicking element 'id:nav-logo-sprites'.</msg>
<status status="PASS" starttime="20220803 12:22:58.114" endtime="20220803 12:22:59.224"/>
</kw>
<kw name="Click Element" library="SeleniumLibrary">
<arg>id:twotabsearchtextbox</arg>
<doc>Click the element identified by ``locator``.</doc>
<msg timestamp="20220803 12:22:59.224" level="INFO">Clicking element 'id:twotabsearchtextbox'.</msg>
<status status="PASS" starttime="20220803 12:22:59.224" endtime="20220803 12:22:59.342"/>
</kw>
<kw name="Input Text" library="SeleniumLibrary">
<arg>id:twotabsearchtextbox</arg>
<arg>iphone xs case</arg>
<doc>Types the given ``text`` into the text field identified by ``locator``.</doc>
<msg timestamp="20220803 12:22:59.342" level="INFO">Typing text 'iphone xs case' into text field 'id:twotabsearchtextbox'.</msg>
<status status="PASS" starttime="20220803 12:22:59.342" endtime="20220803 12:22:59.446"/>
</kw>
<kw name="Sleep" library="BuiltIn">
<arg>3s</arg>
<doc>Pauses the test executed for the given time.</doc>
<msg timestamp="20220803 12:23:02.446" level="INFO">Slept 3 seconds</msg>
<status status="PASS" starttime="20220803 12:22:59.446" endtime="20220803 12:23:02.446"/>
</kw>
<kw name="Click Element" library="SeleniumLibrary">
<arg>id:nav-search-submit-button</arg>
<doc>Click the element identified by ``locator``.</doc>
<msg timestamp="20220803 12:23:02.446" level="INFO">Clicking element 'id:nav-search-submit-button'.</msg>
<status status="PASS" starttime="20220803 12:23:02.446" endtime="20220803 12:23:03.929"/>
</kw>
<kw name="Wait Until Page Contains Element" library="SeleniumLibrary">
<arg>xpath= //*[@id="search"]/div[1]/div[1]/div/span[3]/div[2]/div[3]</arg>
<doc>Waits until the element ``locator`` appears on the current page.</doc>
<status status="PASS" starttime="20220803 12:23:03.929" endtime="20220803 12:23:03.950"/>
</kw>
<kw name="Click Element" library="SeleniumLibrary">
<arg>xpath=//*[@id="search"]/div[1]/div[1]/div/span[3]/div[2]/div[3]</arg>
<doc>Click the element identified by ``locator``.</doc>
<msg timestamp="20220803 12:23:03.951" level="INFO">Clicking element 'xpath=//*[@id="search"]/div[1]/div[1]/div/span[3]/div[2]/div[3]'.</msg>
<status status="PASS" starttime="20220803 12:23:03.951" endtime="20220803 12:23:04.041"/>
</kw>
<kw name="Sleep" library="BuiltIn">
<arg>5s</arg>
<doc>Pauses the test executed for the given time.</doc>
<msg timestamp="20220803 12:23:09.049" level="INFO">Slept 5 seconds</msg>
<status status="PASS" starttime="20220803 12:23:04.042" endtime="20220803 12:23:09.049"/>
</kw>
<status status="PASS" starttime="20220803 12:22:58.114" endtime="20220803 12:23:09.049"/>
</kw>
<kw name="Test Ends up" library="common" type="TEARDOWN">
<kw name="Close All Browsers" library="SeleniumLibrary">
<doc>Closes all open browsers and resets the browser cache.</doc>
<status status="PASS" starttime="20220803 12:23:09.049" endtime="20220803 12:23:11.393"/>
</kw>
<status status="PASS" starttime="20220803 12:23:09.049" endtime="20220803 12:23:11.393"/>
</kw>
<tag>this is a test</tag>
<status status="PASS" starttime="20220803 12:22:49.527" endtime="20220803 12:23:11.393"/>
</test>
<doc>Lets see what ypu can do here</doc>
<status status="PASS" starttime="20220803 12:22:49.326" endtime="20220803 12:23:11.393"/>
</suite>
<statistics>
<total>
<stat pass="1" fail="0" skip="0">All Tests</stat>
</total>
<tag>
<stat pass="1" fail="0" skip="0">this is a test</stat>
</tag>
<suite>
<stat pass="1" fail="0" skip="0" id="s1" name="Me">Me</stat>
</suite>
</statistics>
<errors>
</errors>
</robot>
